* ******************************************************************************

* iCEcube Router

* Version:            2017.01.27914

* Build Date:         Jan 12 2017 18:44:45

* File Generated:     Feb 13 2018 22:07:41

* Purpose:            Deglitch logic routing info

* Copyright (C) 2006-2010 by Lattice Semiconductor Corp. All rights reserved.

* ******************************************************************************


//o_spi_miso_obuftAndLUT4(16:20:0) -> o_spi_miso(16:21:1)
Net : o_spi_miso_obuftAndNet
T_16_20_wire_logic_cluster/lc_0/out
T_16_21_lc_trk_g0_0
T_16_21_wire_io_cluster/io_1/OUT_ENB

End 

    //o_spi_miso_obuftLegalizeSB_DFF(16:20:2) -> o_spi_miso_obuftAndLUT4(16:20:0)
    Net : o_spi_miso_obuftLegalizeSB_DFFNet
    T_16_20_wire_logic_cluster/lc_2/out
    T_16_20_lc_trk_g0_2
    T_16_20_wire_logic_cluster/lc_0/in_0

    End 

**********************************************************************************************************

//o_irq_done_obufLegalizeSB_DFF(16:20:1) -> o_irq_done(17:21:0)
Net : o_irq_done_obufLegalizeSB_DFFNet
T_16_20_wire_logic_cluster/lc_1/out
T_17_21_lc_trk_g0_1
T_17_21_wire_io_cluster/io_0/OUT_ENB

End 

**********************************************************************************************************

