---------------------------------------
Resource Usage Report for sha256_spi 

Mapping to part: ice5lp4ksg48
Cell usage:
GND             8 uses
SB_CARRY        342 uses
SB_DFFER        722 uses
SB_DFFES        152 uses
SB_DFFR         11 uses
SB_DFFS         3 uses
SB_GB           4 uses
VCC             8 uses
SB_LUT4         3106 uses

I/O ports: 7
I/O primitives: 7
SB_GB_IO       1 use
SB_IO          6 uses

I/O Register bits:                  0
Register bits not including I/Os:   888 (25%)

@S |Mapping Summary:
Total  LUTs: 3106 (88%)

Distribution of All Consumed LUTs = LUT4 
Distribution of All Consumed Luts 3106 = 3106 

