* ******************************************************************************

* iCEcube Placer

* Version:            2017.01.27914

* Build Date:         Jan 12 2017 18:49:50

* File Generated:     Feb 13 2018 21:58:17

* Purpose:            

* Copyright (C) 2006-2010 by Lattice Semiconductor Corp. All rights reserved.

* ******************************************************************************

Executing : F:\lscc\iCEcube2.2017.01\sbt_backend\bin\win32\opt\sbtplacer.exe --des-lib C:/workspace/sha256-core/work/lattice/sha-spi/sha256_core/sha256_core_Implmnt\sbt\netlist\oadb-sha256_spi --outdir C:/workspace/sha256-core/work/lattice/sha-spi/sha256_core/sha256_core_Implmnt\sbt\outputs\placer --device-file F:\lscc\iCEcube2.2017.01\sbt_backend\devices\ICE40T04.dev --package SG48 --deviceMarketName iCE5LP4K --sdc-file C:/workspace/sha256-core/work/lattice/sha-spi/sha256_core/sha256_core_Implmnt\sbt\Temp/sbt_temp.sdc --lib-file F:\lscc\iCEcube2.2017.01\sbt_backend\devices\ice40TH4K.lib --effort_level std --out-sdc-file C:/workspace/sha256-core/work/lattice/sha-spi/sha256_core/sha256_core_Implmnt\sbt\outputs\placer\sha256_spi_pl.sdc
I2004: Option and Settings Summary
=============================================================
Device file          - F:\lscc\iCEcube2.2017.01\sbt_backend\devices\ICE40T04.dev
Package              - SG48
Design database      - C:/workspace/sha256-core/work/lattice/sha-spi/sha256_core/sha256_core_Implmnt\sbt\netlist\oadb-sha256_spi
SDC file             - C:/workspace/sha256-core/work/lattice/sha-spi/sha256_core/sha256_core_Implmnt\sbt\Temp/sbt_temp.sdc
Output directory     - C:/workspace/sha256-core/work/lattice/sha-spi/sha256_core/sha256_core_Implmnt\sbt\outputs\placer
Timing library       - F:\lscc\iCEcube2.2017.01\sbt_backend\devices\ice40TH4K.lib
Effort level         - std

I2050: Starting reading inputs for placer
=============================================================
I2100: Reading design library: C:/workspace/sha256-core/work/lattice/sha-spi/sha256_core/sha256_core_Implmnt\sbt\netlist\oadb-sha256_spi/BFPGA_DESIGN_ep
I2065: Reading device file : F:\lscc\iCEcube2.2017.01\sbt_backend\devices\ICE40T04.dev
I2051: Reading of inputs for placer completed successfully

I2053: Starting placement of the design
=============================================================

Input Design Statistics
    Number of LUTs      	:	3106
    Number of DFFs      	:	888
    Number of DFFs packed to IO	:	0
    Number of Carrys    	:	342
    Number of RAMs      	:	0
    Number of ROMs      	:	0
    Number of IOs       	:	6
    Number of GBIOs     	:	1
    Number of GBs       	:	4
    Number of WarmBoot  	:	0
    Number of PLLs      	:	0
    Number of I2Cs      	:	0
    Number of SPIs      	:	0
    Number of DSPs     	:	0
    Number of SBIOODs     	:	0
    Number of LEDDRVs     	:	0
    Number of RGBDRVs     	:	0
    Number of LEDDIPs     	:	0
    Number of IRDRVs     	:	0
    Number of LFOSCs     	:	0
    Number of HFOSCs     	:	0


Phase 1
I2077: Start design legalization

Design Legalization Statistics
    Number of feedthru LUTs inserted to legalize input of DFFs     	:	36
    Number of feedthru LUTs inserted for LUTs driving multiple DFFs	:	47
    Number of LUTs replicated for LUTs driving multiple DFFs       	:	12
    Number of feedthru LUTs inserted to legalize output of CARRYs  	:	155
    Number of feedthru LUTs inserted to legalize global signals    	:	0
    Number of feedthru CARRYs inserted to legalize input of CARRYs 	:	3
    Number of inserted LUTs to Legalize IOs with PIN_TYPE= 01xxxx  	:	1
    Number of inserted LUTs to Legalize IOs with PIN_TYPE= 10xxxx  	:	2
    Number of inserted LUTs to Legalize IOs with PIN_TYPE= 11xxxx  	:	0
    Total LUTs inserted                                            	:	253
    Total CARRYs inserted                                          	:	3


I2078: Design legalization is completed successfully
I2088: Phase 1, elapsed time : 0.1 (sec)


Phase 2
I2088: Phase 2, elapsed time : 0.3 (sec)

Phase 3

Design Statistics after Packing
    Number of LUTs      	:	3360
    Number of DFFs      	:	890
    Number of DFFs packed to IO	:	0
    Number of Carrys    	:	352

Device Utilization Summary after Packing
    Sequential LogicCells
        LUT and DFF      	:	806
        LUT, DFF and CARRY	:	84
    Combinational LogicCells
        Only LUT         	:	2218
        CARRY Only       	:	16
        LUT with CARRY   	:	252
    LogicCells                  :	3376/3520
    PLBs                        :	431/440
    BRAMs                       :	0/20
    IOs and GBIOs               :	7/35
    PLLs                        :	0/1
    I2Cs                        :	0/2
    SPIs                        :	0/2
    DSPs                        :	0/4
    SBIOODs                     :	0/4
    LEDDRVs                     :	0/1
    RGBDRVs                     :	0/1
    IRDRVs                      :	0/1
    LEDDIPs                     :	0/1
    LFOSCs                      :	0/1
    HFOSCs                      :	0/1


I2088: Phase 3, elapsed time : 20.2 (sec)

Phase 4
I2088: Phase 4, elapsed time : 0.5 (sec)

Phase 5
I2088: Phase 5, elapsed time : 63.3 (sec)

Phase 6
I2088: Phase 6, elapsed time : 164.5 (sec)

Final Design Statistics
    Number of LUTs      	:	3360
    Number of DFFs      	:	890
    Number of DFFs packed to IO	:	0
    Number of Carrys    	:	352
    Number of RAMs      	:	0
    Number of ROMs      	:	0
    Number of IOs       	:	6
    Number of GBIOs     	:	1
    Number of GBs       	:	4
    Number of WarmBoot  	:	0
    Number of PLLs      	:	0
    Number of I2Cs      	:	0
    Number of SPIs      	:	0
    Number of DSPs     	:	0
    Number of SBIOODs     	:	0
    Number of LEDDRVs     	:	0
    Number of RGBDRVs     	:	0
    Number of LEDDIPs     	:	0
    Number of IRDRVs     	:	0
    Number of LFOSCs     	:	0
    Number of HFOSCs     	:	0

Device Utilization Summary
    LogicCells                  :	3376/3520
    PLBs                        :	432/440
    BRAMs                       :	0/20
    IOs and GBIOs               :	7/35
    PLLs                        :	0/1
    I2Cs                        :	0/2
    SPIs                        :	0/2
    DSPs                        :	0/4
    SBIOODs                     :	0/4
    LEDDRVs                     :	0/1
    RGBDRVs                     :	0/1
    IRDRVs                      :	0/1
    LEDDIPs                     :	0/1
    LFOSCs                      :	0/1
    HFOSCs                      :	0/1



#####################################################################
Placement Timing Summary

The timing summary is based on estimated routing delays after
placement. For final timing report, please carry out the timing
analysis after routing.
=====================================================================

#####################################################################
                     Clock Summary 
=====================================================================
Number of clocks: 1
Clock: sha256_spi|i_clk | Frequency: 33.19 MHz | Target: 36.93 MHz

=====================================================================
                     End of Clock Summary
#####################################################################

I2054: Placement of design completed successfully

I2076: Placer run-time: 252.1 sec.

