Running in Lattice mode

Starting:    F:\lscc\iCEcube2.2017.01\synpbase\bin64\mbin\synplify.exe
Install:     F:\lscc\iCEcube2.2017.01\synpbase
Hostname:    DESKTOP-T3ALA46
Date:        Tue Feb 13 22:25:03 2018
Version:     L-2016.09L+ice40

Arguments:   -product synplify_pro sha256_core_syn.prj
ProductType: synplify_pro




Copied C:\workspace\sha256-core\work\lattice\sha256_core\sha256_core_Implmnt\sha256_core.srr to C:\workspace\sha256-core\work\lattice\sha256_core\sha256_core_Implmnt\backup\sha256_core.srr
log file: "C:\workspace\sha256-core\work\lattice\sha256_core\sha256_core_Implmnt\sha256_core.srr"
Running: sha256_core_Implmnt in foreground

Running sha256_core_syn|sha256_core_Implmnt

Running: compile (Compile) on sha256_core_syn|sha256_core_Implmnt
# Tue Feb 13 22:25:03 2018

Running: compile_flow (Compile Process) on sha256_core_syn|sha256_core_Implmnt
# Tue Feb 13 22:25:03 2018

Running: compiler (Compile Input) on sha256_core_syn|sha256_core_Implmnt
# Tue Feb 13 22:25:03 2018
Copied C:\workspace\sha256-core\work\lattice\sha256_core\sha256_core_Implmnt\synwork\sha256_core_comp.srs to C:\workspace\sha256-core\work\lattice\sha256_core\sha256_core_Implmnt\sha256_core.srs

compiler completed
# Tue Feb 13 22:25:05 2018

Return Code: 0
Run Time:00h:00m:02s

Running: multi_srs_gen (Multi-srs Generator) on sha256_core_syn|sha256_core_Implmnt
# Tue Feb 13 22:25:05 2018

multi_srs_gen completed
# Tue Feb 13 22:25:06 2018

Return Code: 0
Run Time:00h:00m:01s
Copied C:\workspace\sha256-core\work\lattice\sha256_core\sha256_core_Implmnt\synwork\sha256_core_mult.srs to C:\workspace\sha256-core\work\lattice\sha256_core\sha256_core_Implmnt\sha256_core.srs
Complete: Compile Process on sha256_core_syn|sha256_core_Implmnt

Running: premap (Pre-mapping) on sha256_core_syn|sha256_core_Implmnt
# Tue Feb 13 22:25:06 2018

premap completed with warnings
# Tue Feb 13 22:25:07 2018

Return Code: 1
Run Time:00h:00m:01s
Complete: Compile on sha256_core_syn|sha256_core_Implmnt

Running: map (Map) on sha256_core_syn|sha256_core_Implmnt
# Tue Feb 13 22:25:07 2018

Running: fpga_mapper (Map & Optimize) on sha256_core_syn|sha256_core_Implmnt
# Tue Feb 13 22:25:07 2018
Copied C:\workspace\sha256-core\work\lattice\sha256_core\sha256_core_Implmnt\synwork\sha256_core_m.srm to C:\workspace\sha256-core\work\lattice\sha256_core\sha256_core_Implmnt\sha256_core.srm

fpga_mapper completed with warnings
# Tue Feb 13 22:25:33 2018

Return Code: 1
Run Time:00h:00m:26s
Complete: Map on sha256_core_syn|sha256_core_Implmnt
Complete: Logic Synthesis on sha256_core_syn|sha256_core_Implmnt
New HDL Analyst: enabled
log file: "C:\workspace\sha256-core\work\lattice\sha256_core\sha256_core_Implmnt\sha256_core.srr"
Running: sha256_core_Implmnt in foreground

Running sha256_core_syn|sha256_core_Implmnt

Running: compile (Compile) on sha256_core_syn|sha256_core_Implmnt
# Tue Feb 13 22:43:52 2018

Running: compile_flow (Compile Process) on sha256_core_syn|sha256_core_Implmnt
# Tue Feb 13 22:43:52 2018

Running: compiler (Compile Input) on sha256_core_syn|sha256_core_Implmnt
# Tue Feb 13 22:43:52 2018
Copied C:\workspace\sha256-core\work\lattice\sha256_core\sha256_core_Implmnt\synwork\sha256_core_comp.srs to C:\workspace\sha256-core\work\lattice\sha256_core\sha256_core_Implmnt\sha256_core.srs

compiler completed
# Tue Feb 13 22:43:54 2018

Return Code: 0
Run Time:00h:00m:02s

Running: multi_srs_gen (Multi-srs Generator) on sha256_core_syn|sha256_core_Implmnt
# Tue Feb 13 22:43:54 2018

multi_srs_gen completed
# Tue Feb 13 22:43:54 2018

Return Code: 0
Run Time:00h:00m:00s
Copied C:\workspace\sha256-core\work\lattice\sha256_core\sha256_core_Implmnt\synwork\sha256_core_mult.srs to C:\workspace\sha256-core\work\lattice\sha256_core\sha256_core_Implmnt\sha256_core.srs
Complete: Compile Process on sha256_core_syn|sha256_core_Implmnt

Running: premap (Pre-mapping) on sha256_core_syn|sha256_core_Implmnt
# Tue Feb 13 22:43:54 2018

premap completed with warnings
# Tue Feb 13 22:43:56 2018

Return Code: 1
Run Time:00h:00m:02s
Complete: Compile on sha256_core_syn|sha256_core_Implmnt

Running: map (Map) on sha256_core_syn|sha256_core_Implmnt
# Tue Feb 13 22:43:56 2018

Running: fpga_mapper (Map & Optimize) on sha256_core_syn|sha256_core_Implmnt
# Tue Feb 13 22:43:56 2018
Copied C:\workspace\sha256-core\work\lattice\sha256_core\sha256_core_Implmnt\synwork\sha256_core_m.srm to C:\workspace\sha256-core\work\lattice\sha256_core\sha256_core_Implmnt\sha256_core.srm

fpga_mapper completed with warnings
# Tue Feb 13 22:44:21 2018

Return Code: 1
Run Time:00h:00m:25s
Complete: Map on sha256_core_syn|sha256_core_Implmnt
Complete: Logic Synthesis on sha256_core_syn|sha256_core_Implmnt
Loaded XDM (Hierarchy) data base - elapsed time 0:0 Blocks=11
@N Implementation 'C:\workspace\sha256-core\work\lattice\sha256_core\sha256_core_syn.prj|sha256_core_Implmnt' design hierarchy loaded from database
log file: "C:\workspace\sha256-core\work\lattice\sha256_core\sha256_core_Implmnt\sha256_core.srr"
Running: constraint_check in foreground


Running: constraint_check (Constraint Check) on sha256_core_syn|sha256_core_Implmnt
# Tue Feb 13 22:47:05 2018

Running: compile (Compile) on sha256_core_syn|sha256_core_Implmnt
# Tue Feb 13 22:47:05 2018

Running: compile_flow (Compile Process) on sha256_core_syn|sha256_core_Implmnt
# Tue Feb 13 22:47:05 2018

Running: compiler (Compile Input) on sha256_core_syn|sha256_core_Implmnt
# Tue Feb 13 22:47:05 2018

compiler completed
# Tue Feb 13 22:47:05 2018

Return Code: 0
Run Time:00h:00m:00s

Running: multi_srs_gen (Multi-srs Generator) on sha256_core_syn|sha256_core_Implmnt
# Tue Feb 13 22:47:05 2018
Up-To-Date: multi_srs_gen. No run necessary
Complete: Compile Process on sha256_core_syn|sha256_core_Implmnt

Running: premap (Pre-mapping) on sha256_core_syn|sha256_core_Implmnt
# Tue Feb 13 22:47:06 2018

constraint_check_job Completed with warnings

Return Code: 1
Run Time:00h:00m:01s
Complete: Compile on sha256_core_syn|sha256_core_Implmnt
Complete: Constraint Check on sha256_core_syn|sha256_core_Implmnt
log file: "C:\workspace\sha256-core\work\lattice\sha256_core\sha256_core_Implmnt\sha256_core.srr"
Running: sha256_core_Implmnt in foreground

Running sha256_core_syn|sha256_core_Implmnt

Running: compile (Compile) on sha256_core_syn|sha256_core_Implmnt
# Tue Feb 13 22:52:33 2018

Running: compile_flow (Compile Process) on sha256_core_syn|sha256_core_Implmnt
# Tue Feb 13 22:52:33 2018

Running: compiler (Compile Input) on sha256_core_syn|sha256_core_Implmnt
# Tue Feb 13 22:52:33 2018
Copied C:\workspace\sha256-core\work\lattice\sha256_core\sha256_core_Implmnt\synwork\sha256_core_comp.srs to C:\workspace\sha256-core\work\lattice\sha256_core\sha256_core_Implmnt\sha256_core.srs

compiler completed
# Tue Feb 13 22:52:36 2018

Return Code: 0
Run Time:00h:00m:03s

Running: multi_srs_gen (Multi-srs Generator) on sha256_core_syn|sha256_core_Implmnt
# Tue Feb 13 22:52:36 2018

multi_srs_gen completed
# Tue Feb 13 22:52:37 2018

Return Code: 0
Run Time:00h:00m:01s
Copied C:\workspace\sha256-core\work\lattice\sha256_core\sha256_core_Implmnt\synwork\sha256_core_mult.srs to C:\workspace\sha256-core\work\lattice\sha256_core\sha256_core_Implmnt\sha256_core.srs
Complete: Compile Process on sha256_core_syn|sha256_core_Implmnt

Running: premap (Pre-mapping) on sha256_core_syn|sha256_core_Implmnt
# Tue Feb 13 22:52:37 2018

premap completed with warnings
# Tue Feb 13 22:52:38 2018

Return Code: 1
Run Time:00h:00m:01s
Complete: Compile on sha256_core_syn|sha256_core_Implmnt

Running: map (Map) on sha256_core_syn|sha256_core_Implmnt
# Tue Feb 13 22:52:38 2018

Running: fpga_mapper (Map & Optimize) on sha256_core_syn|sha256_core_Implmnt
# Tue Feb 13 22:52:38 2018
Copied C:\workspace\sha256-core\work\lattice\sha256_core\sha256_core_Implmnt\synwork\sha256_core_m.srm to C:\workspace\sha256-core\work\lattice\sha256_core\sha256_core_Implmnt\sha256_core.srm

fpga_mapper completed with warnings
# Tue Feb 13 22:53:02 2018

Return Code: 1
Run Time:00h:00m:24s
Complete: Map on sha256_core_syn|sha256_core_Implmnt
Complete: Logic Synthesis on sha256_core_syn|sha256_core_Implmnt
The feature is not supported in this version of the product
Opening object source file c:\workspace\sha256-core\src\sha\sha256_coefs.v
Opening object source file c:\workspace\sha256-core\src\top\sha256_spi.v
Note: Opening local project RTL file 'C:\workspace\sha256-core\work\lattice\sha256_core\sha256_core_Implmnt\sha256_core.srs'
log file: "C:\workspace\sha256-core\work\lattice\sha256_core\sha256_core_Implmnt\sha256_core.srr"
Running: timing in foreground

running timing analysis on C:\workspace\sha256-core\work\lattice\sha256_core\sha256_core_Implmnt\sha256_core.srd

Running: timing (Timing Analysis) on sha256_core_syn|sha256_core_Implmnt
# Tue Feb 13 23:00:45 2018

timing completed with warnings
# Tue Feb 13 23:00:47 2018

Return Code: 1
Run Time:00h:00m:02s
exit status=0
